/*C9*/SET SCHEMA PUBLIC
DISCONNECT
/*C11*/SET SCHEMA PUBLIC
DISCONNECT
/*C10*/SET SCHEMA PUBLIC
DISCONNECT
/*C12*/SET SCHEMA PUBLIC
DISCONNECT
/*C13*/SET SCHEMA PUBLIC
DISCONNECT
/*C14*/SET SCHEMA PUBLIC
DISCONNECT
/*C16*/SET SCHEMA PUBLIC
DISCONNECT
/*C15*/SET SCHEMA PUBLIC
DISCONNECT
/*C17*/SET SCHEMA PUBLIC
DISCONNECT
/*C18*/SET SCHEMA PUBLIC
DISCONNECT
/*C19*/SET SCHEMA PUBLIC
INSERT INTO STU VALUES(201316920608,'''sally''','''36''',62.0E0,86.0E0,75.0E0)
COMMIT
DISCONNECT
/*C20*/SET SCHEMA PUBLIC
DISCONNECT
/*C21*/SET SCHEMA PUBLIC
INSERT INTO STU VALUES(201316920309,'''lily''','''28''',100.0E0,83.5E0,72.0E0)
COMMIT
DISCONNECT
/*C22*/SET SCHEMA PUBLIC
DISCONNECT
/*C23*/SET SCHEMA PUBLIC
INSERT INTO STU VALUES(201605086924,'''terry''','''25''',98.0E0,86.9E0,45.0E0)
COMMIT
DISCONNECT
/*C24*/SET SCHEMA PUBLIC
DISCONNECT
/*C25*/SET SCHEMA PUBLIC
INSERT INTO STU VALUES(565221223644,'''tony''','''39''',99.0E0,45.2E0,86.0E0)
COMMIT
DISCONNECT
/*C26*/SET SCHEMA PUBLIC
DISCONNECT
/*C27*/SET SCHEMA PUBLIC
DELETE FROM STU WHERE ID=201316920309
COMMIT
DISCONNECT
/*C28*/SET SCHEMA PUBLIC
DELETE FROM STU WHERE ID=201316920315
COMMIT
DISCONNECT
/*C29*/SET SCHEMA PUBLIC
DELETE FROM STU WHERE ID=201316920608
COMMIT
DISCONNECT
/*C30*/SET SCHEMA PUBLIC
DELETE FROM STU WHERE ID=201316925456
COMMIT
DISCONNECT
/*C31*/SET SCHEMA PUBLIC
DELETE FROM STU WHERE ID=201605086924
COMMIT
DISCONNECT
/*C32*/SET SCHEMA PUBLIC
DELETE FROM STU WHERE ID=565221223644
COMMIT
DISCONNECT
/*C33*/SET SCHEMA PUBLIC
DISCONNECT
/*C34*/SET SCHEMA PUBLIC
DISCONNECT
/*C35*/SET SCHEMA PUBLIC
INSERT INTO STU VALUES(201316920608,'sally','36',62.0E0,86.0E0,75.0E0)
COMMIT
DISCONNECT
/*C36*/SET SCHEMA PUBLIC
DISCONNECT
/*C37*/SET SCHEMA PUBLIC
INSERT INTO STU VALUES(201316920309,'lily','28',100.0E0,83.5E0,72.0E0)
COMMIT
DISCONNECT
/*C38*/SET SCHEMA PUBLIC
DISCONNECT
/*C39*/SET SCHEMA PUBLIC
INSERT INTO STU VALUES(201605086924,'terry','25',98.0E0,86.9E0,45.0E0)
COMMIT
DISCONNECT
/*C40*/SET SCHEMA PUBLIC
DISCONNECT
/*C41*/SET SCHEMA PUBLIC
INSERT INTO STU VALUES(565221223644,'tony','39',99.0E0,45.2E0,86.0E0)
COMMIT
DISCONNECT
/*C42*/SET SCHEMA PUBLIC
DISCONNECT
/*C43*/SET SCHEMA PUBLIC
DISCONNECT
/*C44*/SET SCHEMA PUBLIC
DISCONNECT
/*C45*/SET SCHEMA PUBLIC
DELETE FROM STU WHERE ID=662016
INSERT INTO STU VALUES(662016,'\u5f20\u4e09','1806',100.0E0,43.0E0,100.0E0)
COMMIT
DISCONNECT
/*C46*/SET SCHEMA PUBLIC
DISCONNECT
